C51 COMPILER V9.52.0.0   INIT                                                              12/20/2018 15:54:05 PAGE 1   


C51 COMPILER V9.52.0.0, COMPILATION OF MODULE INIT
OBJECT MODULE PLACED IN .\output\init.obj
COMPILER INVOKED BY: C:\Keil_v5\C51\BIN\C51.EXE src\init.c ROM(SMALL) BROWSE INCDIR(.\inc;.\src) DEBUG OBJECTEXTEND PRIN
                    -T(.\output\init.lst) TABS(2) OBJECT(.\output\init.obj)

line level    source

   1          #include "mytype.h"
   2          #include "key.h"
   3          #include "powerup.h"
   4          #include "hdmidet.h"
   5          void Port_Init(void)
   6          {
   7   1        P0MDL = 0xa9;
   8   1        P0MDH = 0xaa;//做推挽输出
   9   1        P0 = 0x01;
  10   1      
  11   1        P1MDL = 0x28;//P10悬空输入  P11推挽输出 P12推挽输出  P13悬空输入
  12   1        P1MDH = 0xaa;//P14-15推挽输出
  13   1        P1 = 0x02;    //P1.0 低 P1.1高
  14   1      
  15   1        P2MDL = 0xaa;//推挽输出
  16   1        P2 = 0x00;
  17   1      
  18   1        P3MDL = 0x02;//推挽输出
  19   1        P3 = 0x00;
  20   1      
  21   1        Power1_2V(0);
  22   1        Power3_3V(1);
  23   1        //Power14V(0);
  24   1        Reset(0);
  25   1      }
  26          
  27          void Timer_Init(void)
  28          {
  29   1        TMOD = 0x11;  //T0 16位工作模式
  30   1        IE = 0;   //T0 禁止中断
  31   1        TH0 = 0;
  32   1        TL0 = 0;
  33   1        TH1 = 0x85;
  34   1        TL1 = 0xed;
  35   1        xTIMPRS =0x40;//T0 2分频    T1 32分频
  36   1        TR0 = 1;    //启动T0
  37   1        TR1 = 0;
  38   1      }
  39          
  40          void INT_Init(void)
  41          {
  42   1        TCON |= 0x01;//高电平设置中断
  43   1        EINTCS0 = 0x10;
  44   1        EX0 = 1;//允许INT0中断
  45   1      }
  46          void CLR_WDT()
  47          {
  48   1        WDTCLR0 = 0x00;
  49   1        WDTCLR1 = 0x00;
  50   1        WDTCLR0 = 0x53;
  51   1        WDTCLR1 = 0xAC;
  52   1      }
  53          void INIT_WDT()
  54          {
C51 COMPILER V9.52.0.0   INIT                                                              12/20/2018 15:54:05 PAGE 2   

  55   1      
  56   1        WPKEY = 0x37;
  57   1        xSYSCFG = 0x00; //STOP ?￡ê???2?ó???D?mcu
  58   1        WDTCON = 0xFF; //RCL128??,????
  59   1      
  60   1      
  61   1      }
  62          void System_Init(void)
  63          {
  64   1        RSTSRC = 0;   // 清除各个复位标志
  65   1        xSTOPCFG = 0x00;// STOP模式下,低压复位由LVREN控制（LVREN上电默认为1）
  66   1        //xSYSCFG = 0x4e;//00001110复位脚做开漏输出、TR外置、STP模式下WDT不能唤醒系统、高频晶振增益最小、预留上拉
             -、内部RCL始终打开
  67   1        xSYSCFG = 0x0C; //BIT6 TREN需要关闭，否则会影响P30   IO下拉
  68   1        _nop_();
  69   1        _nop_();
  70   1        WPKEY   = 0x37;//写保护控制寄存器
  71   1        MCKSET  = 0x0b;//00001011外部晶振关闭、P1.0 P1.1作普通IO口、时钟选择RCH、MCLK为SYSCLK(不分频)
  72   1        xIOMUX0 = 0x00;//P3.0 P1.3做普通IO口
  73   1      
  74   1        Port_Init();
  75   1        key_init();
  76   1        CEC_init();
  77   1        Timer_Init();
  78   1        INT_Init();
  79   1        //INIT_WDT();
  80   1        sei();
  81   1      }


MODULE INFORMATION:   STATIC OVERLAYABLE
   CODE SIZE        =    135    ----
   CONSTANT SIZE    =   ----    ----
   XDATA SIZE       =   ----    ----
   PDATA SIZE       =   ----    ----
   DATA SIZE        =   ----    ----
   IDATA SIZE       =   ----    ----
   BIT SIZE         =   ----    ----
END OF MODULE INFORMATION.


C51 COMPILATION COMPLETE.  0 WARNING(S),  0 ERROR(S)
