C51 COMPILER V9.52.0.0   INTERRUPT                                                         12/20/2018 11:38:58 PAGE 1   


C51 COMPILER V9.52.0.0, COMPILATION OF MODULE INTERRUPT
OBJECT MODULE PLACED IN .\output\interrupt.obj
COMPILER INVOKED BY: C:\Keil_v5\C51\BIN\C51.EXE src\interrupt.c ROM(SMALL) BROWSE INCDIR(.\inc;.\src) DEBUG OBJECTEXTEND
                    - PRINT(.\output\interrupt.lst) TABS(2) OBJECT(.\output\interrupt.obj)

line level    source

   1          #include "mytype.h"
   2          #include "process.h"
   3          #define Imax  30000//15ms
   4          #define Imin  17400//8.7ms
   5          #define Inum1   3200//1.6ms
   6          #define Inum2   1520//760us
   7          #define Inum3   6400//3.2ms
   8          
   9          void INT(void) interrupt 0
  10          {//上升沿中断
  11   1      UINT16 Tc; 
  12   1      static UINT8 m=0,start_ok=0;
  13   1      static UINT8 IrBuff[4]; 
  14   1      
  15   1        EINTCS0 &= 0xfe;
  16   1      
  17   1        Tc = TH0*256 + TL0;  //1/(4M/2分频) * Tc = 0.5us * Tc
  18   1        TR0 = 0;
  19   1        TH0 = 0;
  20   1        TL0 = 0;
  21   1        TR0 = 1;  
  22   1        if ((Tc>Imin) && (Tc<Imax)) //引导码  
  23   1        {
  24   2          TR1 = 0;
  25   2          TF1 = 0;
  26   2          TH1 = 0x85;    // 1/(4M/32分频) * (65535 - 34285) = 250ms
  27   2          TL1 = 0xed;
  28   2          TR1 = 1;
  29   2          m = 0;
  30   2          start_ok = 1;
  31   2          g_Ir.LastCount ++;
  32   2          return;
  33   2        }
  34   1        if (start_ok == 1)
  35   1        {
  36   2          if ((Tc>Inum1) && (Tc<Inum3))//1
  37   2          {//1.6ms< <3.2ms
  38   3            IrBuff[m/8] = IrBuff[m/8]>>1 | 0x80;
  39   3            m ++; 
  40   3          }
  41   2          else if ((Tc>Inum2) && (Tc<Inum1))//0
  42   2          {//760us< <1.6ms
  43   3            IrBuff[m/8] >>= 1;
  44   3            m ++; 
  45   3          }
  46   2          else
  47   2          {
  48   3           m = 0; 
  49   3           start_ok = 0;
  50   3          }
  51   2        }
  52   1        if (m == 32)
  53   1        {
  54   2          m = 0;
C51 COMPILER V9.52.0.0   INTERRUPT                                                         12/20/2018 11:38:58 PAGE 2   

  55   2          start_ok = 0;
  56   2          if ((IrBuff[2] == ~IrBuff[3]) && (IrBuff[0] == ~IrBuff[1]) && (IrBuff[0] == CODE_USER) && (IrBuff[2] == 
             -CODE_ONOFF))
  57   2          {
  58   3            g_Ir.OK = 1;
  59   3            g_Ir.Buff = IrBuff[2]; 
  60   3          }
  61   2          else   
  62   2          {
  63   3            g_Ir.OK = 0;
  64   3            g_Ir.Buff = 0;
  65   3          } 
  66   2        }
  67   1      } 


MODULE INFORMATION:   STATIC OVERLAYABLE
   CODE SIZE        =    235    ----
   CONSTANT SIZE    =   ----    ----
   XDATA SIZE       =   ----    ----
   PDATA SIZE       =   ----    ----
   DATA SIZE        =      6    ----
   IDATA SIZE       =   ----    ----
   BIT SIZE         =   ----    ----
END OF MODULE INFORMATION.


C51 COMPILATION COMPLETE.  0 WARNING(S),  0 ERROR(S)
