C51 COMPILER V9.52.0.0   MAIN                                                              12/19/2018 22:22:38 PAGE 1   


C51 COMPILER V9.52.0.0, COMPILATION OF MODULE MAIN
OBJECT MODULE PLACED IN .\output\main.obj
COMPILER INVOKED BY: C:\Keil_v5\C51\BIN\C51.EXE main.c ROM(SMALL) BROWSE INCDIR(.\inc;.\src) DEBUG OBJECTEXTEND PRINT(.\
                    -output\main.lst) TABS(2) OBJECT(.\output\main.obj)

line level    source

   1          #include "mytype.h"
   2          #include "process.h"
   3          #include "key.h"
   4          #include "powerup.h"
   5          #include "hdmidet.h"
   6          
   7          extern void CLR_WDT();
   8          void main(void)
   9          {
  10   1        System_Init();
  11   1        while (1)
  12   1        {
  13   2          Time1_Close();
  14   2          RunScan();
  15   2          RunHandler();
  16   2          HDMI_CEC_Det();
  17   2          //CLR_WDT(); //Çå³ý¿´ÃÅ¹·
  18   2        }
  19   1      }


MODULE INFORMATION:   STATIC OVERLAYABLE
   CODE SIZE        =     12    ----
   CONSTANT SIZE    =   ----    ----
   XDATA SIZE       =   ----    ----
   PDATA SIZE       =   ----    ----
   DATA SIZE        =   ----    ----
   IDATA SIZE       =   ----    ----
   BIT SIZE         =   ----    ----
END OF MODULE INFORMATION.


C51 COMPILATION COMPLETE.  0 WARNING(S),  0 ERROR(S)
